[Config] Debug mode: disabled
[Config] Max frames per video: 160
unix_timestamp 1763465613.804514 ---->2025-11-18T18:33:33.8045144+07:00
unix_timestamp 1763465778.232176 ---->2025-11-18T18:36:18.2321758+07:00
record timeeeeeeeeeeee164.428
unix_timestamp 1763465529.869852 ---->2025-11-18T18:32:09.869852+07:00
unix_timestamp 1763465755.449142 ---->2025-11-18T18:35:55.4491415+07:00
record timeeeeeeeeeeee225.579
unix_timestamp 1763465157.259948 ---->2025-11-18T18:25:57.2599479+07:00
unix_timestamp 1763465602.539695 ---->2025-11-18T18:33:22.5396951+07:00
record timeeeeeeeeeeee445.28
unix_timestamp 1763465209.250675 ---->2025-11-18T18:26:49.2506752+07:00
unix_timestamp 1763465557.695076 ---->2025-11-18T18:32:37.6950758+07:00
record timeeeeeeeeeeee348.444
unix_timestamp 1763465279.305769 ---->2025-11-18T18:27:59.3057693+07:00
unix_timestamp 1763465594.783370 ---->2025-11-18T18:33:14.7833699+07:00
record timeeeeeeeeeeee315.478
unix_timestamp 1763465283.180170 ---->2025-11-18T18:28:03.1801698+07:00
unix_timestamp 1763465640.848424 ---->2025-11-18T18:34:00.8484239+07:00
record timeeeeeeeeeeee357.668
unix_timestamp 1763465119.744202 ---->2025-11-18T18:25:19.7442024+07:00
unix_timestamp 1763465578.609340 ---->2025-11-18T18:32:58.6093402+07:00
record timeeeeeeeeeeee458.865
unix_timestamp 1763465481.199778 ---->2025-11-18T18:31:21.1997783+07:00
unix_timestamp 1763465637.938864 ---->2025-11-18T18:33:57.9388643+07:00
record timeeeeeeeeeeee156.739
unix_timestamp 1763465308.603547 ---->2025-11-18T18:28:28.6035466+07:00
unix_timestamp 1763465620.272723 ---->2025-11-18T18:33:40.2727233+07:00
record timeeeeeeeeeeee311.669
unix_timestamp 1763465320.185698 ---->2025-11-18T18:28:40.1856982+07:00
unix_timestamp 1763465523.120602 ---->2025-11-18T18:32:03.1206018+07:00
record timeeeeeeeeeeee202.935
unix_timestamp 1763465284.256783 ---->2025-11-18T18:28:04.2567827+07:00
unix_timestamp 1763465521.304426 ---->2025-11-18T18:32:01.3044256+07:00
record timeeeeeeeeeeee237.048
unix_timestamp 1763465361.583183 ---->2025-11-18T18:29:21.5831827+07:00
unix_timestamp 1763465484.389828 ---->2025-11-18T18:31:24.3898277+07:00
record timeeeeeeeeeeee122.807
unix_timestamp 1763464929.658927 ---->2025-11-18T18:22:09.6589272+07:00
unix_timestamp 1763465524.563154 ---->2025-11-18T18:32:04.5631541+07:00
record timeeeeeeeeeeee594.904
unix_timestamp 1763465383.334395 ---->2025-11-18T18:29:43.3343953+07:00
unix_timestamp 1763465520.420145 ---->2025-11-18T18:32:00.4201445+07:00
record timeeeeeeeeeeee137.086
unix_timestamp 1763465440.135817 ---->2025-11-18T18:30:40.1358168+07:00
unix_timestamp 1763465455.626008 ---->2025-11-18T18:30:55.626008+07:00
record timeeeeeeeeeeee15.4902
unix_timestamp 1763467888.848091 ---->2025-11-18T19:11:28.8480914+07:00
unix_timestamp 1763468696.185458 ---->2025-11-18T19:24:56.1854576+07:00
record timeeeeeeeeeeee807.337
unix_timestamp 1763467085.283497 ---->2025-11-18T18:58:05.2834974+07:00
unix_timestamp 1763467481.203891 ---->2025-11-18T19:04:41.203891+07:00
record timeeeeeeeeeeee395.92
unix_timestamp 1763467382.182866 ---->2025-11-18T19:03:02.1828659+07:00
unix_timestamp 1763467598.285591 ---->2025-11-18T19:06:38.2855909+07:00
record timeeeeeeeeeeee216.103
unix_timestamp 1763467234.268299 ---->2025-11-18T19:00:34.2682987+07:00
unix_timestamp 1763467445.055465 ---->2025-11-18T19:04:05.0554652+07:00
record timeeeeeeeeeeee210.787
unix_timestamp 1763467143.903209 ---->2025-11-18T18:59:03.9032092+07:00
unix_timestamp 1763467514.454159 ---->2025-11-18T19:05:14.4541588+07:00
record timeeeeeeeeeeee370.551
unix_timestamp 1763467181.968707 ---->2025-11-18T18:59:41.9687072+07:00
unix_timestamp 1763467513.216574 ---->2025-11-18T19:05:13.2165745+07:00
record timeeeeeeeeeeee331.248
unix_timestamp 1763467709.254294 ---->2025-11-18T19:08:29.254294+07:00
unix_timestamp 1763468137.287227 ---->2025-11-18T19:15:37.2872274+07:00
record timeeeeeeeeeeee428.033
[2025-11-30 03:57:12.685] [INFO ] [Main] === AI Camera Solution ===
[2025-11-30 03:57:12.685] [INFO ] [Main] Config file: config.yaml
[2025-11-30 03:57:12.685] [INFO ] [Main] Number of reader threads: 5
[2025-11-30 03:57:12.685] [INFO ] [Main] Number of preprocessor threads: 45
[2025-11-30 03:57:12.685] [INFO ] [Main] Number of engines: 3
[2025-11-30 03:57:12.685] [INFO ] [Main] Engine 0 (alcohol): /workspace/khangtd6/longchau_vaccine/action_c/weights/alcohol/2025-11-18_batch_16_640x640_fp16.engine [type=detection, detectors=1, batch_size=16, input_size=640x640, conf_threshold=0.200000, nms_threshold=0.550000, gpu_id=0]
[2025-11-30 03:57:12.686] [INFO ] [Main] Engine 1 (hand): /workspace/khangtd6/longchau_vaccine/action_c/weights/hand/2025-11-18_batch_16_864x864_fp16.engine [type=detection, detectors=1, batch_size=16, input_size=864x864, conf_threshold=0.200000, nms_threshold=0.600000, gpu_id=0]
[2025-11-30 03:57:12.686] [INFO ] [Main] Engine 2 (pose): /workspace/khangtd6/longchau_vaccine/action_c/weights/pose/2025-11-18_batch_16_640x640_fp16.engine [type=pose, detectors=2, batch_size=16, input_size=640x640, conf_threshold=0.400000, nms_threshold=0.550000, gpu_id=0]
[2025-11-30 03:57:12.686] [INFO ] [Main] Output directory: /workspace/khangtd6/longchau_vaccine/action_c/outputs/bins/
[2025-11-30 03:57:12.686] [INFO ] [Main] === REDIS QUEUE MODE ===
[2025-11-30 03:57:12.686] [INFO ] [Main] Redis host: 172.19.0.6
[2025-11-30 03:57:12.686] [INFO ] [Main] Redis port: 6379
[2025-11-30 03:57:12.686] [INFO ] [Main] Redis DB: 0
[2025-11-30 03:57:12.686] [INFO ] [Main] Input queue: ml#vaccine_monitor_test
[2025-11-30 03:57:12.686] [INFO ] [Main] Output queue: ml#vaccine_detection_test
[2025-11-30 03:57:12.687] [INFO ] [Redis] Connected to Redis at 172.19.0.6:6379
[2025-11-30 03:57:12.689] [INFO ] [Redis] Connected to Redis at 172.19.0.6:6379
[2025-11-30 03:57:12.689] [INFO ] [ThreadPool] Initializing engine alcohol with 1 detector threads (queue_size=500)
[TensorRT] Using an engine plan file across different models of devices is not recommended and is likely to affect performance or even cause errors.
[TensorRT] CUDA lazy loading is not enabled. Enabling it can significantly reduce device memory usage. See `CUDA_MODULE_LOADING` in https://docs.nvidia.com/cuda/cuda-c-programming-guide/index.html#env-vars
[2025-11-30 03:57:21.744] [INFO ] [ThreadPool] Initializing engine hand with 1 detector threads (queue_size=500)
[TensorRT] Using an engine plan file across different models of devices is not recommended and is likely to affect performance or even cause errors.
[TensorRT] CUDA lazy loading is not enabled. Enabling it can significantly reduce device memory usage. See `CUDA_MODULE_LOADING` in https://docs.nvidia.com/cuda/cuda-c-programming-guide/index.html#env-vars
[2025-11-30 03:57:22.120] [INFO ] [ThreadPool] Initializing engine pose with 2 detector threads (queue_size=500)
[TensorRT] Using an engine plan file across different models of devices is not recommended and is likely to affect performance or even cause errors.
[TensorRT] CUDA lazy loading is not enabled. Enabling it can significantly reduce device memory usage. See `CUDA_MODULE_LOADING` in https://docs.nvidia.com/cuda/cuda-c-programming-guide/index.html#env-vars
[TensorRT] Using an engine plan file across different models of devices is not recommended and is likely to affect performance or even cause errors.
[TensorRT] CUDA lazy loading is not enabled. Enabling it can significantly reduce device memory usage. See `CUDA_MODULE_LOADING` in https://docs.nvidia.com/cuda/cuda-c-programming-guide/index.html#env-vars
[2025-11-30 03:57:23.233] [INFO ] [ThreadPool] ThreadPool initialized (Redis mode) with 5 reader threads, 4 dispatcher threads, 45 shared preprocess workers, and 3 engines
[2025-11-30 03:57:23.233] [INFO ] [Main] Starting processing...
[2025-11-30 03:57:23.233] [INFO ] [ThreadPool] Starting processing...
[2025-11-30 03:57:23.234] [INFO ] [Reader] Reader thread 0 started
[2025-11-30 03:57:23.234] [INFO ] [Reader] Reader thread 0 started (Redis mode)
[2025-11-30 03:57:23.235] [INFO ] [Reader] Reader thread 0 waiting for messages from queue: ml#vaccine_monitor_test
[2025-11-30 03:57:23.235] [INFO ] [Reader] Reader thread 1 started
[2025-11-30 03:57:23.235] [INFO ] [Reader] Reader thread 1 started (Redis mode)
[2025-11-30 03:57:23.235] [INFO ] [Reader] Reader thread 1 waiting for messages from queue: ml#vaccine_monitor_test
[2025-11-30 03:57:23.235] [INFO ] [Reader] Reader thread 2 started
[2025-11-30 03:57:23.235] [INFO ] [Reader] Reader thread 2 started (Redis mode)
[2025-11-30 03:57:23.235] [INFO ] [Reader] Reader thread 2 waiting for messages from queue: ml#vaccine_monitor_test
[2025-11-30 03:57:23.235] [INFO ] [Reader] Reader thread 3 started
[2025-11-30 03:57:23.235] [INFO ] [Reader] Reader thread 3 started (Redis mode)
[2025-11-30 03:57:23.235] [INFO ] [Reader] Reader thread 3 waiting for messages from queue: ml#vaccine_monitor_test
[2025-11-30 03:57:23.235] [INFO ] [Reader] Reader thread 4 started
[2025-11-30 03:57:23.235] [INFO ] [Reader] Reader thread 4 started (Redis mode)
[2025-11-30 03:57:23.235] [INFO ] [Reader] Reader thread 4 waiting for messages from queue: ml#vaccine_monitor_test
[2025-11-30 03:57:23.235] [INFO ] [Preprocessor] Preprocess dispatcher thread 0 started
[2025-11-30 03:57:23.235] [INFO ] [Preprocessor] Preprocess dispatcher thread 1 started
[2025-11-30 03:57:23.236] [INFO ] [Preprocessor] Preprocess dispatcher thread 2 started
[2025-11-30 03:57:23.236] [WARN ] [ThreadPool] Too many preprocess workers (45) for number of preprocess groups (3). This may cause queue contention. Consider reducing preprocess workers to ~15 or fewer.
[2025-11-30 03:57:23.236] [INFO ] [Preprocessor] Preprocess dispatcher thread 3 started
[2025-11-30 03:57:23.236] [INFO ] [Preprocessor] Shared preprocess thread 0 started
[2025-11-30 03:57:23.236] [INFO ] [Preprocessor] Shared preprocess thread 1 started
[2025-11-30 03:57:23.236] [INFO ] [Preprocessor] Shared preprocess thread 2 started
unix_timestamp 1763345093.112981 ---->2025-11-17T09:04:53.1129809+07:00
unix_timestamp 1763345506.838950 ---->2025-11-17T09:11:46.8389498+07:00
[2025-11-30 03:57:23.237] [INFO ] [Preprocessor] Shared preprocess thread 3 started
[2025-11-30 03:57:23.237] [INFO ] [Preprocessor] Shared preprocess thread 4 started
[2025-11-30 03:57:23.237] [INFO ] [Preprocessor] Shared preprocess thread 5 started
[2025-11-30 03:57:23.237] [INFO ] [Preprocessor] Shared preprocess thread 6 started
unix_timestamp 1763345129.645786 ---->2025-11-17T09:05:29.6457862+07:00
unix_timestamp 1763345396.143189 ---->2025-11-17T09:09:56.1431893+07:00
unix_timestamp 1763345062.817142 ---->2025-11-17T09:04:22.8171426+07:00
unix_timestamp 1763345246.753975 ---->2025-11-17T09:07:26.7539752+07:00
[2025-11-30 03:57:23.238] [INFO ] [Preprocessor] Shared preprocess thread 7 started
[2025-11-30 03:57:23.238] [INFO ] [Preprocessor] Shared preprocess thread 8 started
[2025-11-30 03:57:23.239] [INFO ] [Preprocessor] Shared preprocess thread 9 started
unix_timestamp 1763345602.861180 ---->2025-11-17T09:13:22.8611803+07:00
unix_timestamp 1763345923.602690 ---->2025-11-17T09:18:43.6026896+07:00
[2025-11-30 03:57:23.239] [INFO ] [Preprocessor] Shared preprocess thread 10 started
[2025-11-30 03:57:23.240] [INFO ] [Preprocessor] Shared preprocess thread 11 started
unix_timestamp 1763345107.971175 ---->2025-11-17T09:05:07.9711755+07:00
unix_timestamp 1763345290.568286 ---->2025-11-17T09:08:10.5682857+07:00
[2025-11-30 03:57:23.241] [INFO ] [Preprocessor] Shared preprocess thread 13 started
[2025-11-30 03:57:23.241] [INFO ] [Preprocessor] Shared preprocess thread 12 started
[2025-11-30 03:57:23.241] [INFO ] [Preprocessor] Shared preprocess thread 14 started
[2025-11-30 03:57:23.241] [INFO ] [Preprocessor] Shared preprocess thread 15 started
[2025-11-30 03:57:23.241] [INFO ] [Preprocessor] Shared preprocess thread 16 started
[2025-11-30 03:57:23.241] [INFO ] [Preprocessor] Shared preprocess thread 17 started
[2025-11-30 03:57:23.242] [INFO ] [Preprocessor] Shared preprocess thread 18 started
[2025-11-30 03:57:23.242] [INFO ] [Preprocessor] Shared preprocess thread 19 started
[2025-11-30 03:57:23.242] [INFO ] [Preprocessor] Shared preprocess thread 20 started
[2025-11-30 03:57:23.242] [INFO ] [Preprocessor] Shared preprocess thread 21 started
[2025-11-30 03:57:23.242] [INFO ] [Preprocessor] Shared preprocess thread 22 started
[2025-11-30 03:57:23.242] [INFO ] [Preprocessor] Shared preprocess thread 23 started
[2025-11-30 03:57:23.243] [INFO ] [Preprocessor] Shared preprocess thread 24 started
[2025-11-30 03:57:23.243] [INFO ] [Preprocessor] Shared preprocess thread 25 started
[2025-11-30 03:57:23.243] [INFO ] [Preprocessor] Shared preprocess thread 26 started
[2025-11-30 03:57:23.243] [INFO ] [Preprocessor] Shared preprocess thread 27 started
[2025-11-30 03:57:23.243] [INFO ] [Preprocessor] Shared preprocess thread 28 started
[2025-11-30 03:57:23.244] [INFO ] [Preprocessor] Shared preprocess thread 29 started
[2025-11-30 03:57:23.244] [INFO ] [Preprocessor] Shared preprocess thread 30 started
[2025-11-30 03:57:23.244] [INFO ] [Preprocessor] Shared preprocess thread 31 started
[2025-11-30 03:57:23.244] [INFO ] [Preprocessor] Shared preprocess thread 32 started
[2025-11-30 03:57:23.244] [INFO ] [Preprocessor] Shared preprocess thread 33 started
[2025-11-30 03:57:23.244] [INFO ] [Preprocessor] Shared preprocess thread 34 started
[2025-11-30 03:57:23.245] [INFO ] [Preprocessor] Shared preprocess thread 35 started
[2025-11-30 03:57:23.245] [INFO ] [Preprocessor] Shared preprocess thread 36 started
[2025-11-30 03:57:23.245] [INFO ] [Preprocessor] Shared preprocess thread 37 started
[2025-11-30 03:57:23.245] [INFO ] [Preprocessor] Shared preprocess thread 38 started
[2025-11-30 03:57:23.246] [INFO ] [Preprocessor] Shared preprocess thread 39 started
[2025-11-30 03:57:23.246] [INFO ] [Preprocessor] Shared preprocess thread 40 started
[2025-11-30 03:57:23.246] [INFO ] [Preprocessor] Shared preprocess thread 41 started
[2025-11-30 03:57:23.246] [INFO ] [Preprocessor] Shared preprocess thread 42 started
[2025-11-30 03:57:23.246] [INFO ] [Preprocessor] Shared preprocess thread 43 started
[2025-11-30 03:57:23.247] [INFO ] [Preprocessor] Shared preprocess thread 44 started
[2025-11-30 03:57:23.247] [INFO ] [Detector] Detector thread 0 for engine alcohol started
[2025-11-30 03:57:23.247] [INFO ] [Detector] Detector thread 0 for engine hand started
[2025-11-30 03:57:23.247] [INFO ] [Detector] Detector thread 0 for engine pose started
[2025-11-30 03:57:23.247] [INFO ] [Detector] Detector thread 1 for engine pose started
[2025-11-30 03:57:23.247] [INFO ] [PostProcess] Post-processing thread 0 started
[2025-11-30 03:57:23.247] [INFO ] [PostProcess] Post-processing thread 1 started
[2025-11-30 03:57:23.248] [INFO ] [PostProcess] Post-processing thread 2 started
[2025-11-30 03:57:23.248] [INFO ] [PostProcess] Post-processing thread 3 started
[2025-11-30 03:57:23.248] [INFO ] [PostProcess] Post-processing thread 4 started
[2025-11-30 03:57:23.248] [INFO ] [PostProcess] Post-processing thread 5 started
[2025-11-30 03:57:23.248] [INFO ] [PostProcess] Post-processing thread 6 started
[2025-11-30 03:57:23.249] [INFO ] [PostProcess] Post-processing thread 7 started
[2025-11-30 03:57:23.249] [INFO ] [PostProcess] Post-processing thread 8 started
[2025-11-30 03:57:23.249] [INFO ] [PostProcess] Post-processing thread 9 started
[2025-11-30 03:57:23.249] [INFO ] [PostProcess] Post-processing thread 10 started
[2025-11-30 03:57:23.249] [INFO ] [ThreadPool] Started 12 post-processing threads
[2025-11-30 03:57:23.249] [INFO ] [PostProcess] Post-processing thread 11 started
[2025-11-30 03:57:23.250] [INFO ] [RedisOutput] Async Redis output worker started
[2025-11-30 03:57:23.250] [INFO ] [ThreadPool] Monitoring thread started
[2025-11-30 03:57:23.250] [INFO ] [Monitor] Monitoring thread started
[2025-11-30 03:57:23.250] [INFO ] [Main] Running in continuous mode. Waiting for messages from Redis queue...
[2025-11-30 03:57:23.250] [INFO ] [Main] Press Ctrl+C to stop gracefully
[2025-11-30 03:57:23.250] [INFO ] [ThreadPool] Redis queue mode: Process will run continuously, waiting for messages...
[2025-11-30 03:57:23.250] [INFO ] [ThreadPool] Press Ctrl+C to stop the process
[2025-11-30 03:57:23.380] [INFO ] [VideoReader] Found h264_cuvid hardware decoder
[2025-11-30 03:57:23.380] [INFO ] [VideoReader] Using CUVID decoder: h264_cuvid (NVDEC hardware-accelerated)
[2025-11-30 03:57:23.380] [INFO ] [VideoReader] Setting CUVID decoder with 32 surfaces for async decode
[2025-11-30 03:57:23.380] [INFO ] [VideoReader] getHWFormat called, available formats: 119 23 , looking for: 119
[2025-11-30 03:57:23.380] [INFO ] [VideoReader] getHWFormat returning hardware format: 119
[2025-11-30 03:57:23.385] [INFO ] [VideoReader] Found h264_cuvid hardware decoder
[2025-11-30 03:57:23.385] [INFO ] [VideoReader] Using CUVID decoder: h264_cuvid (NVDEC hardware-accelerated)
[2025-11-30 03:57:23.385] [INFO ] [VideoReader] Setting CUVID decoder with 32 surfaces for async decode
[2025-11-30 03:57:23.388] [INFO ] [VideoReader] Found h264_cuvid hardware decoder
[2025-11-30 03:57:23.388] [INFO ] [VideoReader] Using CUVID decoder: h264_cuvid (NVDEC hardware-accelerated)
[2025-11-30 03:57:23.388] [INFO ] [VideoReader] Setting CUVID decoder with 32 surfaces for async decode
[2025-11-30 03:57:23.408] [INFO ] [VideoReader] Found h264_cuvid hardware decoder
[2025-11-30 03:57:23.408] [INFO ] [VideoReader] Using CUVID decoder: h264_cuvid (NVDEC hardware-accelerated)
[2025-11-30 03:57:23.408] [INFO ] [VideoReader] Setting CUVID decoder with 32 surfaces for async decode
[2025-11-30 03:57:23.481] [INFO ] [VideoReader] Found h264_cuvid hardware decoder
[2025-11-30 03:57:23.481] [INFO ] [VideoReader] Using CUVID decoder: h264_cuvid (NVDEC hardware-accelerated)
[2025-11-30 03:57:23.481] [INFO ] [VideoReader] Setting CUVID decoder with 32 surfaces for async decode
[2025-11-30 03:57:23.926] [WARN ] [VideoReader] Unused decoder option: output=cuda
[2025-11-30 03:57:23.926] [INFO ] [VideoReader] getHWFormat called, available formats: 119 23 , looking for: 119
[2025-11-30 03:57:23.926] [INFO ] [VideoReader] getHWFormat returning hardware format: 119
[2025-11-30 03:57:23.926] [INFO ] [VideoReader] Codec opened with hardware decoder, decoder: h264_cuvid, hw_pix_fmt: 119, codec_id: 27
[2025-11-30 03:57:23.928] [INFO ] [VideoReader] Initialized reader for /shared_storage/action_videos/c03o24120004518/20251117090029_674e2c32-b74e-450e-94eb-153d28c5ac93.mp4 [NVDEC]
[2025-11-30 03:57:23.928] [INFO ] [VideoReader] Time window: start_ts=1763345099.645786, end_ts=1763345401.143189, expected_frames~3918
[2025-11-30 03:57:23.985] [INFO ] [VideoReader] getHWFormat called, available formats: 119 23 , looking for: 119
[2025-11-30 03:57:23.986] [INFO ] [VideoReader] getHWFormat returning hardware format: 119
[2025-11-30 03:57:25.173] [WARN ] [VideoReader] Unused decoder option: output=cuda
[2025-11-30 03:57:25.174] [INFO ] [VideoReader] Codec opened with hardware decoder, decoder: h264_cuvid, hw_pix_fmt: 119, codec_id: 27
[2025-11-30 03:57:25.174] [INFO ] [VideoReader] getHWFormat called, available formats: 119 23 , looking for: 119
[2025-11-30 03:57:25.175] [INFO ] [VideoReader] getHWFormat returning hardware format: 119
[2025-11-30 03:57:25.175] [INFO ] [VideoReader] Initialized reader for /shared_storage/action_videos/c03o24120003294/20251117090039_1d39837e-9de5-49cd-8588-c4f7d3a224c4.mp4 [NVDEC]
[2025-11-30 03:57:25.175] [INFO ] [VideoReader] Time window: start_ts=1763345077.971175, end_ts=1763345295.568286, expected_frames~2827
[2025-11-30 03:57:25.227] [INFO ] [VideoReader] getHWFormat called, available formats: 119 23 , looking for: 119
[2025-11-30 03:57:25.227] [INFO ] [VideoReader] getHWFormat returning hardware format: 119
[2025-11-30 03:57:28.250] [STATS] [Monitor] === Statistics (Runtime: 5s) ===
Frames Read: 127 | Preprocessed: 265 | Read FPS: 25 | Preprocess FPS: 52
RawQueue: 0/2000
PreQ 640x640 [ROI] engines=1 queue=22/500
PreQ 864x864 [FULL] engines=1 queue=28/500
PreQ 640x640 [FULL] engines=1 queue=21/500
PostQ: 0 tasks pending
Engine alcohol: Detected=0 | Failed=0 | FPS=0
Engine hand: Detected=0 | Failed=0 | FPS=0
Engine pose: Detected=0 | Failed=0 | FPS=0
Reader: Frames=127 | FPS=25 | AvgTime=0.00ms/frame | TotalTime=0.00s
Preprocessor: Frames=265 | FPS=52 | AvgTime=255.94ms/frame | TotalTime=67.82s
Postprocessor: Frames=0 | FPS=0

[2025-11-30 03:57:28.274] [WARN ] [VideoReader] Unused decoder option: output=cuda
[2025-11-30 03:57:28.274] [INFO ] [VideoReader] Codec opened with hardware decoder, decoder: h264_cuvid, hw_pix_fmt: 119, codec_id: 27
[2025-11-30 03:57:28.274] [INFO ] [VideoReader] Initialized reader for /shared_storage/action_videos/c03o25010001968/20251117090030_e05ebdd4-1107-4056-aa32-8102f3096d7b.mp4 [NVDEC]
[2025-11-30 03:57:28.274] [INFO ] [VideoReader] Time window: start_ts=1763345032.817142, end_ts=1763345251.753975, expected_frames~2845
[2025-11-30 03:57:28.274] [INFO ] [VideoReader] getHWFormat called, available formats: 119 23 , looking for: 119
[2025-11-30 03:57:28.274] [INFO ] [VideoReader] getHWFormat returning hardware format: 119
[2025-11-30 03:57:28.337] [INFO ] [VideoReader] getHWFormat called, available formats: 119 23 , looking for: 119
[2025-11-30 03:57:28.338] [INFO ] [VideoReader] getHWFormat returning hardware format: 119
[2025-11-30 03:57:30.817] [WARN ] [VideoReader] Unused decoder option: output=cuda
[2025-11-30 03:57:30.817] [INFO ] [VideoReader] Codec opened with hardware decoder, decoder: h264_cuvid, hw_pix_fmt: 119, codec_id: 27
[2025-11-30 03:57:30.817] [INFO ] [VideoReader] getHWFormat called, available formats: 119 23 , looking for: 119
[2025-11-30 03:57:30.817] [INFO ] [VideoReader] Initialized reader for /shared_storage/action_videos/c03o25010000389/20251117090038_b3b410a7-8ed4-43bd-b02a-a09d6bfacbb3.mp4 [NVDEC]
[2025-11-30 03:57:30.817] [INFO ] [VideoReader] getHWFormat returning hardware format: 119
[2025-11-30 03:57:30.817] [INFO ] [VideoReader] Time window: start_ts=1763345572.861180, end_ts=1763345738.910000, expected_frames~2056
[2025-11-30 03:57:30.869] [INFO ] [VideoReader] getHWFormat called, available formats: 119 23 , looking for: 119
[2025-11-30 03:57:30.869] [INFO ] [VideoReader] getHWFormat returning hardware format: 119
[2025-11-30 03:57:32.821] [WARN ] [VideoReader] Unused decoder option: output=cuda
[2025-11-30 03:57:32.822] [INFO ] [VideoReader] Codec opened with hardware decoder, decoder: h264_cuvid, hw_pix_fmt: 119, codec_id: 27
[2025-11-30 03:57:32.823] [INFO ] [VideoReader] Initialized reader for /shared_storage/action_videos/c03o24120000819/20251117090012_8a10cdaa-09d4-41bd-925b-21c29e4c7dce.mp4 [NVDEC]
[2025-11-30 03:57:32.823] [INFO ] [VideoReader] Time window: start_ts=1763345063.112981, end_ts=1763345511.838950, expected_frames~5831
[2025-11-30 03:57:32.968] [INFO ] [VideoReader] getHWFormat called, available formats: 119 23 , looking for: 119
[2025-11-30 03:57:32.968] [INFO ] [VideoReader] getHWFormat returning hardware format: 119
[2025-11-30 03:57:33.250] [STATS] [Monitor] === Statistics (Runtime: 10s) ===
Frames Read: 446 | Preprocessed: 750 | Read FPS: 63 | Preprocess FPS: 97
RawQueue: 0/2000
PreQ 640x640 [ROI] engines=1 queue=177/500
PreQ 864x864 [FULL] engines=1 queue=203/500
PreQ 640x640 [FULL] engines=1 queue=160/500
PostQ: 0 tasks pending
Engine alcohol: Detected=0 | Failed=0 | FPS=0
Engine hand: Detected=0 | Failed=0 | FPS=0
Engine pose: Detected=0 | Failed=0 | FPS=0
Reader: Frames=446 | FPS=63 | AvgTime=0.00ms/frame | TotalTime=0.00s
Preprocessor: Frames=750 | FPS=97 | AvgTime=387.68ms/frame | TotalTime=290.76s
Postprocessor: Frames=0 | FPS=0

[2025-11-30 03:57:38.251] [STATS] [Monitor] === Statistics (Runtime: 15s) ===
Frames Read: 1072 | Preprocessed: 1374 | Read FPS: 125 | Preprocess FPS: 124
RawQueue: 134/2000
PreQ 640x640 [ROI] engines=1 queue=453/500
PreQ 864x864 [FULL] engines=1 queue=500/500
PreQ 640x640 [FULL] engines=1 queue=431/500
PostQ: 0 tasks pending
Engine alcohol: Detected=0 | Failed=0 | FPS=0
Engine hand: Detected=0 | Failed=0 | FPS=0
Engine pose: Detected=0 | Failed=0 | FPS=0
Reader: Frames=1072 | FPS=125 | AvgTime=0.00ms/frame | TotalTime=0.00s
Preprocessor: Frames=1374 | FPS=124 | AvgTime=379.39ms/frame | TotalTime=521.28s
Postprocessor: Frames=0 | FPS=0

[2025-11-30 03:57:43.252] [STATS] [Monitor] === Statistics (Runtime: 20s) ===
Frames Read: 1865 | Preprocessed: 1564 | Read FPS: 158 | Preprocess FPS: 37
RawQueue: 830/2000
PreQ 640x640 [ROI] engines=1 queue=500/500
PreQ 864x864 [FULL] engines=1 queue=500/500
PreQ 640x640 [FULL] engines=1 queue=484/500
PostQ: 0 tasks pending
Engine alcohol: Detected=0 | Failed=0 | FPS=0
Engine hand: Detected=0 | Failed=0 | FPS=0
Engine pose: Detected=0 | Failed=0 | FPS=0
Reader: Frames=1865 | FPS=158 | AvgTime=0.00ms/frame | TotalTime=0.00s
Preprocessor: Frames=1564 | FPS=37 | AvgTime=389.08ms/frame | TotalTime=608.52s
Postprocessor: Frames=0 | FPS=0

[2025-11-30 03:57:48.939] [STATS] [Monitor] === Statistics (Runtime: 25s) ===
Frames Read: 2666 | Preprocessed: 1644 | Read FPS: 160 | Preprocess FPS: 15
RawQueue: 1615/2000
PreQ 640x640 [ROI] engines=1 queue=472/500
PreQ 864x864 [FULL] engines=1 queue=488/500
PreQ 640x640 [FULL] engines=1 queue=500/500
PostQ: 1 tasks pending
Engine alcohol: Detected=48 | Failed=0 | FPS=9 | AvgTime=347.59ms/frame | TotalTime=22.25s
Engine hand: Detected=48 | Failed=0 | FPS=9 | AvgTime=461.92ms/frame | TotalTime=22.17s
Engine pose: Detected=0 | Failed=0 | FPS=0 | AvgTime=1373.47ms/frame | TotalTime=43.95s
Reader: Frames=2717 | FPS=160 | AvgTime=0.00ms/frame | TotalTime=0.00s
Preprocessor: Frames=1692 | FPS=15 | AvgTime=377.43ms/frame | TotalTime=638.62s
Postprocessor: Frames=96 | FPS=19 | AvgTime=2.81ms/frame | TotalTime=0.27s

[2025-11-30 03:57:53.942] [STATS] [Monitor] === Statistics (Runtime: 30s) ===
Frames Read: 3200 | Preprocessed: 2766 | Read FPS: 93 | Preprocess FPS: 197
RawQueue: 1827/2000
PreQ 640x640 [ROI] engines=1 queue=426/500
PreQ 864x864 [FULL] engines=1 queue=500/500
PreQ 640x640 [FULL] engines=1 queue=374/500
PostQ: 0 tasks pending
Engine alcohol: Detected=416 | Failed=0 | FPS=64 | AvgTime=61.65ms/frame | TotalTime=25.64s
Engine hand: Detected=352 | Failed=0 | FPS=53 | AvgTime=73.13ms/frame | TotalTime=25.74s
Engine pose: Detected=448 | Failed=0 | FPS=78 | AvgTime=115.18ms/frame | TotalTime=51.60s
Reader: Frames=3200 | FPS=93 | AvgTime=0.00ms/frame | TotalTime=0.00s
Preprocessor: Frames=2766 | FPS=197 | AvgTime=272.47ms/frame | TotalTime=753.66s
Postprocessor: Frames=1216 | FPS=196 | AvgTime=3.31ms/frame | TotalTime=4.02s

[2025-11-30 03:57:56.626] [WARN ] [Preprocessor] Dispatcher 0 queue push slow for group 1 (100 times)
[2025-11-30 03:57:58.196] [WARN ] [Preprocessor] Dispatcher 1 queue push slow for group 1 (100 times)
[2025-11-30 03:57:58.329] [WARN ] [Preprocessor] Dispatcher 2 queue push slow for group 1 (100 times)
[2025-11-30 03:57:58.329] [WARN ] [Preprocessor] Dispatcher 3 queue push slow for group 1 (100 times)
[2025-11-30 03:57:58.978] [STATS] [Monitor] === Statistics (Runtime: 35s) ===
Frames Read: 3722 | Preprocessed: 3996 | Read FPS: 104 | Preprocess FPS: 245
RawQueue: 1997/2000
PreQ 640x640 [ROI] engines=1 queue=376/500
PreQ 864x864 [FULL] engines=1 queue=500/500
PreQ 640x640 [FULL] engines=1 queue=244/500
PostQ: 0 tasks pending
Engine alcohol: Detected=816 | Failed=0 | FPS=79 | AvgTime=37.70ms/frame | TotalTime=30.77s
Engine hand: Detected=688 | Failed=0 | FPS=67 | AvgTime=44.64ms/frame | TotalTime=30.71s
Engine pose: Detected=912 | Failed=0 | FPS=92 | AvgTime=65.53ms/frame | TotalTime=61.86s
Reader: Frames=3724 | FPS=104 | AvgTime=0.00ms/frame | TotalTime=0.00s
Preprocessor: Frames=4012 | FPS=245 | AvgTime=206.10ms/frame | TotalTime=826.89s
Postprocessor: Frames=2416 | FPS=239 | AvgTime=2.97ms/frame | TotalTime=7.18s

[2025-11-30 03:58:04.072] [STATS] [Monitor] === Statistics (Runtime: 40s) ===
Frames Read: 4112 | Preprocessed: 5404 | Read FPS: 77 | Preprocess FPS: 279
RawQueue: 2000/2000
PreQ 640x640 [ROI] engines=1 queue=280/500
PreQ 864x864 [FULL] engines=1 queue=500/500
PreQ 640x640 [FULL] engines=1 queue=84/500
PostQ: 0 tasks pending
Engine alcohol: Detected=1296 | Failed=0 | FPS=95 | AvgTime=26.91ms/frame | TotalTime=35.30s
Engine hand: Detected=1072 | Failed=0 | FPS=76 | AvgTime=32.85ms/frame | TotalTime=35.22s
Engine pose: Detected=1456 | Failed=0 | FPS=108 | AvgTime=47.62ms/frame | TotalTime=70.86s
Reader: Frames=4112 | FPS=77 | AvgTime=0.00ms/frame | TotalTime=0.00s
Preprocessor: Frames=5435 | FPS=279 | AvgTime=161.94ms/frame | TotalTime=880.15s
Postprocessor: Frames=3824 | FPS=279 | AvgTime=2.76ms/frame | TotalTime=10.54s

[2025-11-30 03:58:09.072] [STATS] [Monitor] === Statistics (Runtime: 45s) ===
Frames Read: 4492 | Preprocessed: 6754 | Read FPS: 74 | Preprocess FPS: 265
RawQueue: 2000/2000
PreQ 640x640 [ROI] engines=1 queue=155/500
PreQ 864x864 [FULL] engines=1 queue=500/500
PreQ 640x640 [FULL] engines=1 queue=11/500
PostQ: 0 tasks pending
Engine alcohol: Detected=1792 | Failed=0 | FPS=97 | AvgTime=22.10ms/frame | TotalTime=39.60s
Engine hand: Detected=1456 | Failed=0 | FPS=75 | AvgTime=27.45ms/frame | TotalTime=39.97s
Engine pose: Detected=2016 | Failed=0 | FPS=109 | AvgTime=39.21ms/frame | TotalTime=79.68s
Reader: Frames=4492 | FPS=74 | AvgTime=0.00ms/frame | TotalTime=0.00s
Preprocessor: Frames=6754 | FPS=265 | AvgTime=139.24ms/frame | TotalTime=940.42s
Postprocessor: Frames=5264 | FPS=282 | AvgTime=3.01ms/frame | TotalTime=15.85s

[2025-11-30 03:58:14.118] [STATS] [Monitor] === Statistics (Runtime: 50s) ===
Frames Read: 4841 | Preprocessed: 7849 | Read FPS: 69 | Preprocess FPS: 219
RawQueue: 1997/2000
PreQ 640x640 [ROI] engines=1 queue=127/500
PreQ 864x864 [FULL] engines=1 queue=500/500
PreQ 640x640 [FULL] engines=1 queue=0/500
PostQ: 0 tasks pending
Engine alcohol: Detected=2176 | Failed=0 | FPS=76 | AvgTime=20.19ms/frame | TotalTime=43.92s
Engine hand: Detected=1808 | Failed=0 | FPS=70 | AvgTime=24.54ms/frame | TotalTime=44.37s
Engine pose: Detected=2544 | Failed=0 | FPS=105 | AvgTime=34.57ms/frame | TotalTime=88.51s
Reader: Frames=4847 | FPS=69 | AvgTime=0.00ms/frame | TotalTime=0.00s
Preprocessor: Frames=7855 | FPS=219 | AvgTime=124.60ms/frame | TotalTime=978.71s
Postprocessor: Frames=6528 | FPS=252 | AvgTime=2.97ms/frame | TotalTime=19.37s

[2025-11-30 03:58:16.473] [WARN ] [Preprocessor] Dispatcher 0 queue push slow for group 1 (200 times)
[2025-11-30 03:58:17.932] [WARN ] [Preprocessor] Dispatcher 2 queue push slow for group 1 (200 times)
[2025-11-30 03:58:18.476] [WARN ] [Preprocessor] Dispatcher 1 queue push slow for group 1 (200 times)
[2025-11-30 03:58:18.772] [WARN ] [Preprocessor] Dispatcher 3 queue push slow for group 1 (200 times)
[2025-11-30 03:58:19.119] [STATS] [Monitor] === Statistics (Runtime: 55s) ===
Frames Read: 5264 | Preprocessed: 9199 | Read FPS: 83 | Preprocess FPS: 267
RawQueue: 1989/2000
PreQ 640x640 [ROI] engines=1 queue=57/500
PreQ 864x864 [FULL] engines=1 queue=500/500
PreQ 640x640 [FULL] engines=1 queue=16/500
PostQ: 0 tasks pending
Engine alcohol: Detected=2672 | Failed=0 | FPS=98 | AvgTime=18.19ms/frame | TotalTime=48.59s
Engine hand: Detected=2224 | Failed=0 | FPS=82 | AvgTime=21.90ms/frame | TotalTime=49.06s
Engine pose: Detected=3152 | Failed=0 | FPS=120 | AvgTime=30.93ms/frame | TotalTime=97.48s
Reader: Frames=5264 | FPS=83 | AvgTime=0.00ms/frame | TotalTime=0.00s
Preprocessor: Frames=9199 | FPS=267 | AvgTime=111.47ms/frame | TotalTime=1025.39s
Postprocessor: Frames=8048 | FPS=301 | AvgTime=2.86ms/frame | TotalTime=23.01s

[2025-11-30 03:58:20.037] [WARN ] [Reader] Reader 1 queue push slow (100 times) - preprocessors may be bottleneck
[2025-11-30 03:58:20.046] [WARN ] [Reader] Reader 3 queue push slow (100 times) - preprocessors may be bottleneck
[2025-11-30 03:58:20.712] [WARN ] [Reader] Reader 2 queue push slow (100 times) - preprocessors may be bottleneck
[2025-11-30 03:58:21.003] [WARN ] [Reader] Reader 4 queue push slow (100 times) - preprocessors may be bottleneck
[2025-11-30 03:58:21.020] [WARN ] [Reader] Reader 0 queue push slow (100 times) - preprocessors may be bottleneck
[2025-11-30 03:58:24.120] [STATS] [Monitor] === Statistics (Runtime: 60s) ===
Frames Read: 5650 | Preprocessed: 10367 | Read FPS: 77 | Preprocess FPS: 233
RawQueue: 2000/2000
PreQ 640x640 [ROI] engines=1 queue=15/500
PreQ 864x864 [FULL] engines=1 queue=500/500
PreQ 640x640 [FULL] engines=1 queue=0/500
PostQ: 0 tasks pending
Engine alcohol: Detected=3088 | Failed=0 | FPS=83 | AvgTime=17.17ms/frame | TotalTime=53.03s
Engine hand: Detected=2608 | Failed=0 | FPS=76 | AvgTime=20.53ms/frame | TotalTime=53.55s
Engine pose: Detected=3584 | Failed=0 | FPS=86 | AvgTime=29.19ms/frame | TotalTime=104.63s
Reader: Frames=5650 | FPS=77 | AvgTime=0.00ms/frame | TotalTime=0.00s
Preprocessor: Frames=10367 | FPS=233 | AvgTime=103.38ms/frame | TotalTime=1071.70s
Postprocessor: Frames=9280 | FPS=246 | AvgTime=2.80ms/frame | TotalTime=25.95s

[2025-11-30 03:58:29.227] [STATS] [Monitor] === Statistics (Runtime: 65s) ===
Frames Read: 6091 | Preprocessed: 11705 | Read FPS: 88 | Preprocess FPS: 267
RawQueue: 2000/2000
PreQ 640x640 [ROI] engines=1 queue=0/500
PreQ 864x864 [FULL] engines=1 queue=500/500
PreQ 640x640 [FULL] engines=1 queue=0/500
PostQ: 0 tasks pending
Engine alcohol: Detected=3600 | Failed=0 | FPS=102 | AvgTime=16.12ms/frame | TotalTime=58.05s
Engine hand: Detected=3024 | Failed=0 | FPS=83 | AvgTime=19.25ms/frame | TotalTime=58.53s
Engine pose: Detected=4032 | Failed=0 | FPS=89 | AvgTime=27.92ms/frame | TotalTime=113.45s
Reader: Frames=6093 | FPS=88 | AvgTime=0.00ms/frame | TotalTime=0.00s
Preprocessor: Frames=11728 | FPS=267 | AvgTime=95.25ms/frame | TotalTime=1117.10s
Postprocessor: Frames=10656 | FPS=275 | AvgTime=2.72ms/frame | TotalTime=28.98s

[2025-11-30 03:58:30.887] [WARN ] [Preprocessor] Dispatcher 0 queue push slow for group 1 (300 times)
[2025-11-30 03:58:30.970] [WARN ] [Preprocessor] Dispatcher 1 queue push slow for group 1 (300 times)
[2025-11-30 03:58:30.986] [WARN ] [Preprocessor] Dispatcher 2 queue push slow for group 1 (300 times)
[2025-11-30 03:58:31.175] [WARN ] [Preprocessor] Dispatcher 3 queue push slow for group 1 (300 times)
[2025-11-30 03:58:34.228] [STATS] [Monitor] === Statistics (Runtime: 70s) ===
Frames Read: 6540 | Preprocessed: 13050 | Read FPS: 87 | Preprocess FPS: 263
RawQueue: 2000/2000
PreQ 640x640 [ROI] engines=1 queue=1/500
PreQ 864x864 [FULL] engines=1 queue=500/500
PreQ 640x640 [FULL] engines=1 queue=1/500
PostQ: 0 tasks pending
Engine alcohol: Detected=4208 | Failed=0 | FPS=119 | AvgTime=14.88ms/frame | TotalTime=62.61s
Engine hand: Detected=3472 | Failed=0 | FPS=87 | AvgTime=18.16ms/frame | TotalTime=63.06s
Engine pose: Detected=4464 | Failed=0 | FPS=84 | AvgTime=26.74ms/frame | TotalTime=120.21s
Reader: Frames=6540 | FPS=87 | AvgTime=0.00ms/frame | TotalTime=0.00s
Preprocessor: Frames=13050 | FPS=263 | AvgTime=88.57ms/frame | TotalTime=1155.90s
Postprocessor: Frames=12144 | FPS=291 | AvgTime=2.67ms/frame | TotalTime=32.45s

[2025-11-30 03:58:37.283] [WARN ] [Preprocessor] Dispatcher 2 queue push slow for group 1 (400 times)
[2025-11-30 03:58:37.330] [WARN ] [Preprocessor] Dispatcher 0 queue push slow for group 1 (400 times)
[2025-11-30 03:58:37.347] [WARN ] [Preprocessor] Dispatcher 1 queue push slow for group 1 (400 times)
[2025-11-30 03:58:37.628] [WARN ] [Preprocessor] Dispatcher 3 queue push slow for group 1 (400 times)
[2025-11-30 03:58:39.232] [STATS] [Monitor] === Statistics (Runtime: 75s) ===
Frames Read: 7045 | Preprocessed: 14585 | Read FPS: 100 | Preprocess FPS: 306
RawQueue: 1996/2000
PreQ 640x640 [ROI] engines=1 queue=0/500
PreQ 864x864 [FULL] engines=1 queue=500/500
PreQ 640x640 [FULL] engines=1 queue=0/500
PostQ: 0 tasks pending
Engine alcohol: Detected=4816 | Failed=0 | FPS=121 | AvgTime=13.97ms/frame | TotalTime=67.28s
Engine hand: Detected=3984 | Failed=0 | FPS=102 | AvgTime=16.99ms/frame | TotalTime=67.69s
Engine pose: Detected=5008 | Failed=0 | FPS=108 | AvgTime=25.47ms/frame | TotalTime=127.58s
Reader: Frames=7045 | FPS=100 | AvgTime=0.00ms/frame | TotalTime=0.00s
Preprocessor: Frames=14585 | FPS=306 | AvgTime=82.19ms/frame | TotalTime=1198.68s
Postprocessor: Frames=13808 | FPS=332 | AvgTime=2.59ms/frame | TotalTime=35.78s

[2025-11-30 03:58:41.178] [INFO ] [VideoReader] Reached end of time window: frames_read=1374, expected~2056, diff=682 (33%), actual_fps=8.274675, reported_fps=12.382386
[2025-11-30 03:58:41.178] [INFO ] [Reader] *** readFrame() returned false for video_key='c03o25010000389_b3b410a7-8ed4-43bd-b02a-a09d6bfacbb3_v0' *** frame_count=1374, actual_frame_position=1374, consecutive_failures=1
[2025-11-30 03:58:41.210] [INFO ] [VideoReader] Reached end of time window: frames_read=1375, expected~2056, diff=681 (33%), actual_fps=8.280697, reported_fps=12.382386
[2025-11-30 03:58:41.210] [INFO ] [Reader] *** readFrame() returned false for video_key='c03o25010000389_b3b410a7-8ed4-43bd-b02a-a09d6bfacbb3_v0' *** frame_count=1375, actual_frame_position=1375, consecutive_failures=1
[2025-11-30 03:58:41.277] [INFO ] [VideoReader] Reached end of time window: frames_read=1376, expected~2056, diff=680 (33%), actual_fps=8.286720, reported_fps=12.382386
[2025-11-30 03:58:41.278] [INFO ] [Reader] *** readFrame() returned false for video_key='c03o25010000389_b3b410a7-8ed4-43bd-b02a-a09d6bfacbb3_v0' *** frame_count=1376, actual_frame_position=1376, consecutive_failures=1
[2025-11-30 03:58:41.317] [INFO ] [VideoReader] Reached end of time window: frames_read=1376, expected~2056, diff=680 (33%), actual_fps=8.286720, reported_fps=12.382386
[2025-11-30 03:58:41.333] [INFO ] [VideoReader] Reached end of time window: frames_read=1376, expected~2056, diff=680 (33%), actual_fps=8.286720, reported_fps=12.382386
[2025-11-30 03:58:41.333] [INFO ] [Reader] *** Stopping video reading after 3 consecutive readFrame() failures *** video_key='c03o25010000389_b3b410a7-8ed4-43bd-b02a-a09d6bfacbb3_v0', frames_read=1376, actual_frame_position=1376
[2025-11-30 03:58:41.333] [INFO ] [Reader] *** Reader 3 finished video c03o25010000389_b3b410a7-8ed4-43bd-b02a-a09d6bfacbb3_v0 *** status=normal_early (reached end_ts but 33% fewer frames than expected, likely lower actual FPS), frames_read=1376, actual_frame_position=1376, total_frames_decoded=10485 (filtered=9109 frames), path=/shared_storage/action_videos/c03o25010000389/20251117090038_b3b410a7-8ed4-43bd-b02a-a09d6bfacbb3.mp4
[2025-11-30 03:58:41.937] [WARN ] [Reader] Reader 0 queue push slow (200 times) - preprocessors may be bottleneck
[2025-11-30 03:58:42.853] [INFO ] [VideoReader] Found h264_cuvid hardware decoder
[2025-11-30 03:58:42.853] [INFO ] [VideoReader] Using CUVID decoder: h264_cuvid (NVDEC hardware-accelerated)
[2025-11-30 03:58:42.853] [INFO ] [VideoReader] Setting CUVID decoder with 32 surfaces for async decode
[2025-11-30 03:58:42.854] [INFO ] [VideoReader] getHWFormat called, available formats: 119 23 , looking for: 119
[2025-11-30 03:58:42.854] [INFO ] [VideoReader] getHWFormat returning hardware format: 119
[2025-11-30 03:58:43.757] [WARN ] [Preprocessor] Dispatcher 2 queue push slow for group 1 (500 times)
[2025-11-30 03:58:43.945] [WARN ] [VideoReader] Unused decoder option: output=cuda
[2025-11-30 03:58:43.945] [INFO ] [VideoReader] Codec opened with hardware decoder, decoder: h264_cuvid, hw_pix_fmt: 119, codec_id: 27
[2025-11-30 03:58:43.945] [INFO ] [VideoReader] Initialized reader for /shared_storage/action_videos/c03o25010000389/20251117091538_b3b410a7-8ed4-43bd-b02a-a09d6bfacbb3.mp4 [NVDEC]
[2025-11-30 03:58:43.945] [INFO ] [VideoReader] Time window: start_ts=1763345738.910000, end_ts=1763345928.602690, expected_frames~2331
[2025-11-30 03:58:43.951] [INFO ] [VideoReader] getHWFormat called, available formats: 119 23 , looking for: 119
[2025-11-30 03:58:43.951] [INFO ] [VideoReader] getHWFormat returning hardware format: 119
[2025-11-30 03:58:44.019] [WARN ] [Preprocessor] Dispatcher 0 queue push slow for group 1 (500 times)
[2025-11-30 03:58:44.071] [WARN ] [Preprocessor] Dispatcher 3 queue push slow for group 1 (500 times)
[2025-11-30 03:58:44.105] [WARN ] [Preprocessor] Dispatcher 1 queue push slow for group 1 (500 times)
[2025-11-30 03:58:44.235] [STATS] [Monitor] === Statistics (Runtime: 80s) ===
Frames Read: 7526 | Preprocessed: 16091 | Read FPS: 96 | Preprocess FPS: 301
RawQueue: 1978/2000
PreQ 640x640 [ROI] engines=1 queue=1/500
PreQ 864x864 [FULL] engines=1 queue=500/500
PreQ 640x640 [FULL] engines=1 queue=0/500
PostQ: 0 tasks pending
Engine alcohol: Detected=5424 | Failed=0 | FPS=121 | AvgTime=13.22ms/frame | TotalTime=71.69s
Engine hand: Detected=4480 | Failed=0 | FPS=99 | AvgTime=16.07ms/frame | TotalTime=72.26s
Engine pose: Detected=5504 | Failed=0 | FPS=99 | AvgTime=24.51ms/frame | TotalTime=134.90s
Reader: Frames=7526 | FPS=96 | AvgTime=0.00ms/frame | TotalTime=0.00s
Preprocessor: Frames=16091 | FPS=301 | AvgTime=77.25ms/frame | TotalTime=1243.08s
Postprocessor: Frames=15408 | FPS=320 | AvgTime=2.57ms/frame | TotalTime=39.62s

[2025-11-30 03:58:44.873] [WARN ] [Reader] Reader 1 queue push slow (200 times) - preprocessors may be bottleneck
[2025-11-30 03:58:44.890] [WARN ] [Reader] Reader 2 queue push slow (200 times) - preprocessors may be bottleneck
[2025-11-30 03:58:46.877] [WARN ] [Reader] Reader 3 queue push slow (200 times) - preprocessors may be bottleneck
[2025-11-30 03:58:47.010] [WARN ] [Reader] Reader 4 queue push slow (200 times) - preprocessors may be bottleneck
[2025-11-30 03:58:49.237] [STATS] [Monitor] === Statistics (Runtime: 86s) ===
Frames Read: 8008 | Preprocessed: 17456 | Read FPS: 96 | Preprocess FPS: 272
RawQueue: 2000/2000
PreQ 640x640 [ROI] engines=1 queue=0/500
PreQ 864x864 [FULL] engines=1 queue=500/500
PreQ 640x640 [FULL] engines=1 queue=3/500
PostQ: 0 tasks pending
Engine alcohol: Detected=5968 | Failed=0 | FPS=108 | AvgTime=12.74ms/frame | TotalTime=76.21s
Engine hand: Detected=4944 | Failed=0 | FPS=92 | AvgTime=15.54ms/frame | TotalTime=76.81s
Engine pose: Detected=5952 | Failed=0 | FPS=89 | AvgTime=23.90ms/frame | TotalTime=142.23s
Reader: Frames=8008 | FPS=96 | AvgTime=0.00ms/frame | TotalTime=0.00s
Preprocessor: Frames=17456 | FPS=272 | AvgTime=73.39ms/frame | TotalTime=1281.08s
Postprocessor: Frames=16864 | FPS=291 | AvgTime=2.53ms/frame | TotalTime=42.61s

[2025-11-30 03:58:50.670] [WARN ] [Preprocessor] Dispatcher 2 queue push slow for group 1 (600 times)
[2025-11-30 03:58:50.766] [WARN ] [Preprocessor] Dispatcher 1 queue push slow for group 1 (600 times)
[2025-11-30 03:58:50.838] [WARN ] [Preprocessor] Dispatcher 3 queue push slow for group 1 (600 times)
[2025-11-30 03:58:51.054] [WARN ] [Preprocessor] Dispatcher 0 queue push slow for group 1 (600 times)
[2025-11-30 03:58:54.238] [STATS] [Monitor] === Statistics (Runtime: 91s) ===
Frames Read: 8485 | Preprocessed: 18895 | Read FPS: 95 | Preprocess FPS: 287
RawQueue: 2000/2000
PreQ 640x640 [ROI] engines=1 queue=0/500
PreQ 864x864 [FULL] engines=1 queue=500/500
PreQ 640x640 [FULL] engines=1 queue=1/500
PostQ: 0 tasks pending
Engine alcohol: Detected=6448 | Failed=0 | FPS=95 | AvgTime=12.39ms/frame | TotalTime=79.90s
Engine hand: Detected=5424 | Failed=0 | FPS=95 | AvgTime=15.01ms/frame | TotalTime=81.43s
Engine pose: Detected=6432 | Failed=0 | FPS=95 | AvgTime=23.25ms/frame | TotalTime=149.53s
Reader: Frames=8485 | FPS=95 | AvgTime=0.00ms/frame | TotalTime=0.00s
Preprocessor: Frames=18895 | FPS=287 | AvgTime=70.07ms/frame | TotalTime=1323.92s
Postprocessor: Frames=18304 | FPS=287 | AvgTime=2.48ms/frame | TotalTime=45.39s

[2025-11-30 03:58:57.204] [WARN ] [Preprocessor] Dispatcher 2 queue push slow for group 1 (700 times)
[2025-11-30 03:58:57.524] [WARN ] [Preprocessor] Dispatcher 3 queue push slow for group 1 (700 times)
[2025-11-30 03:58:57.592] [WARN ] [Preprocessor] Dispatcher 1 queue push slow for group 1 (700 times)
[2025-11-30 03:58:58.089] [WARN ] [Preprocessor] Dispatcher 0 queue push slow for group 1 (700 times)
[2025-11-30 03:58:59.238] [STATS] [Monitor] === Statistics (Runtime: 96s) ===
Frames Read: 8910 | Preprocessed: 20184 | Read FPS: 85 | Preprocess FPS: 257
RawQueue: 1998/2000
PreQ 640x640 [ROI] engines=1 queue=0/500
PreQ 864x864 [FULL] engines=1 queue=500/500
PreQ 640x640 [FULL] engines=1 queue=0/500
PostQ: 0 tasks pending
Engine alcohol: Detected=6896 | Failed=0 | FPS=89 | AvgTime=12.15ms/frame | TotalTime=83.75s
Engine hand: Detected=5856 | Failed=0 | FPS=86 | AvgTime=14.69ms/frame | TotalTime=86.02s
Engine pose: Detected=6864 | Failed=0 | FPS=86 | AvgTime=22.91ms/frame | TotalTime=157.64s
Reader: Frames=8910 | FPS=85 | AvgTime=0.00ms/frame | TotalTime=0.00s
Preprocessor: Frames=20184 | FPS=257 | AvgTime=67.54ms/frame | TotalTime=1363.22s
Postprocessor: Frames=19616 | FPS=262 | AvgTime=2.48ms/frame | TotalTime=48.59s

[2025-11-30 03:58:59.278] [INFO ] [VideoReader] Reached end of time window: frames_read=1886, expected~2827, diff=941 (33%), actual_fps=8.667395, reported_fps=12.996404
[2025-11-30 03:58:59.278] [INFO ] [Reader] *** readFrame() returned false for video_key='c03o24120003294_1d39837e-9de5-49cd-8588-c4f7d3a224c4_v0' *** frame_count=1886, actual_frame_position=1886, consecutive_failures=1
[2025-11-30 03:58:59.297] [INFO ] [VideoReader] Reached end of time window: frames_read=1886, expected~2827, diff=941 (33%), actual_fps=8.667395, reported_fps=12.996404
[2025-11-30 03:58:59.313] [INFO ] [VideoReader] Reached end of time window: frames_read=1886, expected~2827, diff=941 (33%), actual_fps=8.667395, reported_fps=12.996404
[2025-11-30 03:58:59.314] [INFO ] [Reader] *** Stopping video reading after 3 consecutive readFrame() failures *** video_key='c03o24120003294_1d39837e-9de5-49cd-8588-c4f7d3a224c4_v0', frames_read=1886, actual_frame_position=1886
[2025-11-30 03:58:59.314] [INFO ] [Reader] *** Reader 4 finished video c03o24120003294_1d39837e-9de5-49cd-8588-c4f7d3a224c4_v0 *** status=normal_early (reached end_ts but 33% fewer frames than expected, likely lower actual FPS), frames_read=1886, actual_frame_position=1886, total_frames_decoded=5006 (filtered=3120 frames), path=/shared_storage/action_videos/c03o24120003294/20251117090039_1d39837e-9de5-49cd-8588-c4f7d3a224c4.mp4
unix_timestamp 1763345356.630094 ---->2025-11-17T09:09:16.6300935+07:00
unix_timestamp 1763345535.184478 ---->2025-11-17T09:12:15.1844778+07:00
[2025-11-30 03:59:00.089] [INFO ] [VideoReader] Found h264_cuvid hardware decoder
[2025-11-30 03:59:00.089] [INFO ] [VideoReader] Using CUVID decoder: h264_cuvid (NVDEC hardware-accelerated)
[2025-11-30 03:59:00.089] [INFO ] [VideoReader] Setting CUVID decoder with 32 surfaces for async decode
[2025-11-30 03:59:00.090] [INFO ] [VideoReader] getHWFormat called, available formats: 119 23 , looking for: 119
[2025-11-30 03:59:00.090] [INFO ] [VideoReader] getHWFormat returning hardware format: 119
[2025-11-30 03:59:01.355] [WARN ] [VideoReader] Unused decoder option: output=cuda
[2025-11-30 03:59:01.355] [INFO ] [VideoReader] Codec opened with hardware decoder, decoder: h264_cuvid, hw_pix_fmt: 119, codec_id: 27
[2025-11-30 03:59:01.356] [INFO ] [VideoReader] Initialized reader for /shared_storage/action_videos/c03o25010001127/20251117090144_29dba159-ed8d-4b83-ba8c-41c93d5fd7ba.mp4 [NVDEC]
[2025-11-30 03:59:01.356] [INFO ] [VideoReader] Time window: start_ts=1763345326.630094, end_ts=1763345540.184478, expected_frames~2775
[2025-11-30 03:59:01.418] [INFO ] [VideoReader] getHWFormat called, available formats: 119 23 , looking for: 119
[2025-11-30 03:59:01.418] [INFO ] [VideoReader] getHWFormat returning hardware format: 119
[2025-11-30 03:59:03.763] [WARN ] [Preprocessor] Dispatcher 2 queue push slow for group 1 (800 times)
[2025-11-30 03:59:03.855] [WARN ] [Preprocessor] Dispatcher 3 queue push slow for group 1 (800 times)
[2025-11-30 03:59:04.016] [WARN ] [Preprocessor] Dispatcher 1 queue push slow for group 1 (800 times)
[2025-11-30 03:59:04.100] [INFO ] [VideoReader] Reached end of time window: frames_read=1894, expected~2845, diff=951 (33%), actual_fps=8.650897, reported_fps=12.996534
[2025-11-30 03:59:04.100] [INFO ] [Reader] *** readFrame() returned false for video_key='c03o25010001968_e05ebdd4-1107-4056-aa32-8102f3096d7b_v0' *** frame_count=1894, actual_frame_position=1894, consecutive_failures=1
[2025-11-30 03:59:04.134] [INFO ] [VideoReader] Reached end of time window: frames_read=1895, expected~2845, diff=950 (33%), actual_fps=8.655465, reported_fps=12.996534
[2025-11-30 03:59:04.134] [INFO ] [Reader] *** readFrame() returned false for video_key='c03o25010001968_e05ebdd4-1107-4056-aa32-8102f3096d7b_v0' *** frame_count=1895, actual_frame_position=1895, consecutive_failures=1
[2025-11-30 03:59:04.200] [INFO ] [VideoReader] Reached end of time window: frames_read=1896, expected~2845, diff=949 (33%), actual_fps=8.660032, reported_fps=12.996534
[2025-11-30 03:59:04.200] [INFO ] [Reader] *** readFrame() returned false for video_key='c03o25010001968_e05ebdd4-1107-4056-aa32-8102f3096d7b_v0' *** frame_count=1896, actual_frame_position=1896, consecutive_failures=1
[2025-11-30 03:59:04.263] [STATS] [Monitor] === Statistics (Runtime: 101s) ===
Frames Read: 9437 | Preprocessed: 21743 | Read FPS: 105 | Preprocess FPS: 311
RawQueue: 2000/2000
PreQ 640x640 [ROI] engines=1 queue=1/500
PreQ 864x864 [FULL] engines=1 queue=500/500
PreQ 640x640 [FULL] engines=1 queue=2/500
PostQ: 1 tasks pending
Engine alcohol: Detected=7408 | Failed=0 | FPS=102 | AvgTime=11.75ms/frame | TotalTime=87.04s
Engine hand: Detected=6368 | Failed=0 | FPS=102 | AvgTime=14.21ms/frame | TotalTime=90.50s
Engine pose: Detected=7376 | Failed=0 | FPS=102 | AvgTime=22.31ms/frame | TotalTime=164.95s
Reader: Frames=9437 | FPS=105 | AvgTime=0.00ms/frame | TotalTime=0.00s
Preprocessor: Frames=21743 | FPS=311 | AvgTime=64.68ms/frame | TotalTime=1406.27s
Postprocessor: Frames=21152 | FPS=307 | AvgTime=2.44ms/frame | TotalTime=51.51s

[2025-11-30 03:59:04.349] [INFO ] [VideoReader] Reached end of time window: frames_read=1897, expected~2845, diff=948 (33%), actual_fps=8.664600, reported_fps=12.996534
[2025-11-30 03:59:04.349] [INFO ] [Reader] *** readFrame() returned false for video_key='c03o25010001968_e05ebdd4-1107-4056-aa32-8102f3096d7b_v0' *** frame_count=1897, actual_frame_position=1897, consecutive_failures=1
[2025-11-30 03:59:04.411] [INFO ] [VideoReader] Reached end of time window: frames_read=1898, expected~2845, diff=947 (33%), actual_fps=8.669167, reported_fps=12.996534
[2025-11-30 03:59:04.411] [INFO ] [Reader] *** readFrame() returned false for video_key='c03o25010001968_e05ebdd4-1107-4056-aa32-8102f3096d7b_v0' *** frame_count=1898, actual_frame_position=1898, consecutive_failures=1
[2025-11-30 03:59:04.610] [INFO ] [VideoReader] Reached end of time window: frames_read=1899, expected~2845, diff=946 (33%), actual_fps=8.673735, reported_fps=12.996534
[2025-11-30 03:59:04.610] [INFO ] [Reader] *** readFrame() returned false for video_key='c03o25010001968_e05ebdd4-1107-4056-aa32-8102f3096d7b_v0' *** frame_count=1899, actual_frame_position=1899, consecutive_failures=1
[2025-11-30 03:59:04.659] [INFO ] [VideoReader] Reached end of time window: frames_read=1899, expected~2845, diff=946 (33%), actual_fps=8.673735, reported_fps=12.996534
[2025-11-30 03:59:04.680] [INFO ] [VideoReader] Reached end of time window: frames_read=1899, expected~2845, diff=946 (33%), actual_fps=8.673735, reported_fps=12.996534
[2025-11-30 03:59:04.680] [INFO ] [Reader] *** Stopping video reading after 3 consecutive readFrame() failures *** video_key='c03o25010001968_e05ebdd4-1107-4056-aa32-8102f3096d7b_v0', frames_read=1899, actual_frame_position=1899
[2025-11-30 03:59:04.680] [INFO ] [Reader] *** Reader 2 finished video c03o25010001968_e05ebdd4-1107-4056-aa32-8102f3096d7b_v0 *** status=normal_early (reached end_ts but 33% fewer frames than expected, likely lower actual FPS), frames_read=1899, actual_frame_position=1899, total_frames_decoded=4552 (filtered=2653 frames), path=/shared_storage/action_videos/c03o25010001968/20251117090030_e05ebdd4-1107-4056-aa32-8102f3096d7b.mp4
[2025-11-30 03:59:04.821] [WARN ] [Preprocessor] Dispatcher 0 queue push slow for group 1 (800 times)
[2025-11-30 03:59:05.066] [WARN ] [Reader] Reader 0 queue push slow (300 times) - preprocessors may be bottleneck
unix_timestamp 1763345263.617758 ---->2025-11-17T09:07:43.6177581+07:00
unix_timestamp 1763345533.108918 ---->2025-11-17T09:12:13.1089183+07:00
[2025-11-30 03:59:06.008] [INFO ] [VideoReader] Found h264_cuvid hardware decoder
[2025-11-30 03:59:06.008] [INFO ] [VideoReader] Using CUVID decoder: h264_cuvid (NVDEC hardware-accelerated)
[2025-11-30 03:59:06.008] [INFO ] [VideoReader] Setting CUVID decoder with 32 surfaces for async decode
[2025-11-30 03:59:06.008] [INFO ] [VideoReader] getHWFormat called, available formats: 119 23 , looking for: 119
[2025-11-30 03:59:06.008] [INFO ] [VideoReader] getHWFormat returning hardware format: 119
[2025-11-30 03:59:07.302] [WARN ] [VideoReader] Unused decoder option: output=cuda
[2025-11-30 03:59:07.302] [INFO ] [VideoReader] Codec opened with hardware decoder, decoder: h264_cuvid, hw_pix_fmt: 119, codec_id: 27
[2025-11-30 03:59:07.303] [INFO ] [VideoReader] Initialized reader for /shared_storage/action_videos/c03o25040000516/20251117090146_43bfb6c8-a4ef-44f7-bf1a-f3494bafac64.mp4 [NVDEC]
[2025-11-30 03:59:07.303] [INFO ] [VideoReader] Time window: start_ts=1763345233.617758, end_ts=1763345538.108918, expected_frames~3957
[2025-11-30 03:59:07.358] [INFO ] [VideoReader] getHWFormat called, available formats: 119 23 , looking for: 119
[2025-11-30 03:59:07.358] [INFO ] [VideoReader] getHWFormat returning hardware format: 119
[2025-11-30 03:59:08.517] [WARN ] [Reader] Reader 1 queue push slow (300 times) - preprocessors may be bottleneck
[2025-11-30 03:59:09.271] [STATS] [Monitor] === Statistics (Runtime: 106s) ===
Frames Read: 9902 | Preprocessed: 23150 | Read FPS: 92 | Preprocess FPS: 280
RawQueue: 2000/2000
PreQ 640x640 [ROI] engines=1 queue=1/500
PreQ 864x864 [FULL] engines=1 queue=499/500
PreQ 640x640 [FULL] engines=1 queue=6/500
PostQ: 0 tasks pending
Engine alcohol: Detected=7872 | Failed=0 | FPS=92 | AvgTime=11.55ms/frame | TotalTime=91.09s
Engine hand: Detected=6832 | Failed=0 | FPS=92 | AvgTime=13.88ms/frame | TotalTime=95.07s
Engine pose: Detected=7824 | Failed=0 | FPS=89 | AvgTime=22.08ms/frame | TotalTime=173.44s
Reader: Frames=9902 | FPS=92 | AvgTime=0.00ms/frame | TotalTime=0.00s
Preprocessor: Frames=23151 | FPS=280 | AvgTime=62.50ms/frame | TotalTime=1446.97s
Postprocessor: Frames=22528 | FPS=273 | AvgTime=2.42ms/frame | TotalTime=54.61s

[2025-11-30 03:59:10.403] [WARN ] [Preprocessor] Dispatcher 2 queue push slow for group 1 (900 times)
[2025-11-30 03:59:10.572] [WARN ] [Preprocessor] Dispatcher 3 queue push slow for group 1 (900 times)
[2025-11-30 03:59:10.781] [WARN ] [Preprocessor] Dispatcher 1 queue push slow for group 1 (900 times)
[2025-11-30 03:59:11.000] [WARN ] [Preprocessor] Dispatcher 0 queue push slow for group 1 (900 times)
[2025-11-30 03:59:11.349] [WARN ] [Reader] Reader 2 queue push slow (300 times) - preprocessors may be bottleneck
[2025-11-30 03:59:11.837] [WARN ] [Reader] Reader 3 queue push slow (300 times) - preprocessors may be bottleneck
[2025-11-30 03:59:14.199] [WARN ] [Reader] Reader 4 queue push slow (300 times) - preprocessors may be bottleneck
[2025-11-30 03:59:14.272] [STATS] [Monitor] === Statistics (Runtime: 111s) ===
Frames Read: 10364 | Preprocessed: 24525 | Read FPS: 92 | Preprocess FPS: 274
RawQueue: 2000/2000
PreQ 640x640 [ROI] engines=1 queue=1/500
PreQ 864x864 [FULL] engines=1 queue=500/500
PreQ 640x640 [FULL] engines=1 queue=1/500
PostQ: 0 tasks pending
Engine alcohol: Detected=8352 | Failed=0 | FPS=95 | AvgTime=11.31ms/frame | TotalTime=94.44s
Engine hand: Detected=7296 | Failed=0 | FPS=92 | AvgTime=13.63ms/frame | TotalTime=99.43s
Engine pose: Detected=8304 | Failed=0 | FPS=95 | AvgTime=21.66ms/frame | TotalTime=180.19s
Reader: Frames=10364 | FPS=92 | AvgTime=0.00ms/frame | TotalTime=0.00s
Preprocessor: Frames=24525 | FPS=274 | AvgTime=60.65ms/frame | TotalTime=1487.41s
Postprocessor: Frames=23952 | FPS=284 | AvgTime=2.40ms/frame | TotalTime=57.57s

[2025-11-30 03:59:18.260] [WARN ] [Preprocessor] Dispatcher 2 queue push slow for group 1 (1000 times)
[2025-11-30 03:59:18.389] [WARN ] [Preprocessor] Dispatcher 3 queue push slow for group 1 (1000 times)
[2025-11-30 03:59:19.014] [WARN ] [Preprocessor] Dispatcher 0 queue push slow for group 1 (1000 times)
[2025-11-30 03:59:19.203] [WARN ] [Preprocessor] Dispatcher 1 queue push slow for group 1 (1000 times)
[2025-11-30 03:59:19.275] [STATS] [Monitor] === Statistics (Runtime: 116s) ===
Frames Read: 10715 | Preprocessed: 25597 | Read FPS: 70 | Preprocess FPS: 214
RawQueue: 1995/2000
PreQ 640x640 [ROI] engines=1 queue=5/500
PreQ 864x864 [FULL] engines=1 queue=500/500
PreQ 640x640 [FULL] engines=1 queue=5/500
PostQ: 0 tasks pending
Engine alcohol: Detected=8704 | Failed=0 | FPS=70 | AvgTime=11.17ms/frame | TotalTime=97.24s
Engine hand: Detected=7664 | Failed=0 | FPS=73 | AvgTime=13.49ms/frame | TotalTime=103.41s
Engine pose: Detected=8672 | Failed=0 | FPS=73 | AvgTime=21.52ms/frame | TotalTime=186.98s
Reader: Frames=10715 | FPS=70 | AvgTime=0.00ms/frame | TotalTime=0.00s
Preprocessor: Frames=25597 | FPS=214 | AvgTime=59.81ms/frame | TotalTime=1531.08s
Postprocessor: Frames=25040 | FPS=217 | AvgTime=2.42ms/frame | TotalTime=60.68s

[2025-11-30 03:59:24.277] [STATS] [Monitor] === Statistics (Runtime: 121s) ===
Frames Read: 11149 | Preprocessed: 26897 | Read FPS: 86 | Preprocess FPS: 259
RawQueue: 1997/2000
PreQ 640x640 [ROI] engines=1 queue=0/500
PreQ 864x864 [FULL] engines=1 queue=500/500
PreQ 640x640 [FULL] engines=1 queue=0/500
PostQ: 0 tasks pending
Engine alcohol: Detected=9136 | Failed=0 | FPS=86 | AvgTime=11.06ms/frame | TotalTime=101.08s
Engine hand: Detected=8096 | Failed=0 | FPS=86 | AvgTime=13.31ms/frame | TotalTime=107.72s
Engine pose: Detected=9088 | Failed=0 | FPS=83 | AvgTime=21.38ms/frame | TotalTime=194.98s
Reader: Frames=11149 | FPS=86 | AvgTime=0.00ms/frame | TotalTime=0.00s
Preprocessor: Frames=26897 | FPS=259 | AvgTime=58.76ms/frame | TotalTime=1580.46s
Postprocessor: Frames=26320 | FPS=255 | AvgTime=2.44ms/frame | TotalTime=64.29s

[2025-11-30 03:59:25.349] [WARN ] [Preprocessor] Dispatcher 2 queue push slow for group 1 (1100 times)
[2025-11-30 03:59:25.350] [WARN ] [Preprocessor] Dispatcher 3 queue push slow for group 1 (1100 times)
[2025-11-30 03:59:26.316] [WARN ] [Preprocessor] Dispatcher 0 queue push slow for group 1 (1100 times)
[2025-11-30 03:59:26.319] [WARN ] [Preprocessor] Dispatcher 1 queue push slow for group 1 (1100 times)
[2025-11-30 03:59:29.278] [STATS] [Monitor] === Statistics (Runtime: 126s) ===
Frames Read: 11597 | Preprocessed: 28219 | Read FPS: 89 | Preprocess FPS: 264
RawQueue: 2000/2000
PreQ 640x640 [ROI] engines=1 queue=0/500
PreQ 864x864 [FULL] engines=1 queue=500/500
PreQ 640x640 [FULL] engines=1 queue=4/500
PostQ: 0 tasks pending
Engine alcohol: Detected=9568 | Failed=0 | FPS=86 | AvgTime=10.94ms/frame | TotalTime=104.71s
Engine hand: Detected=8528 | Failed=0 | FPS=86 | AvgTime=13.14ms/frame | TotalTime=112.07s
Engine pose: Detected=9520 | Failed=0 | FPS=86 | AvgTime=21.21ms/frame | TotalTime=202.56s
Reader: Frames=11597 | FPS=89 | AvgTime=0.00ms/frame | TotalTime=0.00s
Preprocessor: Frames=28219 | FPS=264 | AvgTime=57.50ms/frame | TotalTime=1622.59s
Postprocessor: Frames=27616 | FPS=259 | AvgTime=2.43ms/frame | TotalTime=67.24s

[2025-11-30 03:59:30.192] [WARN ] [Reader] Reader 1 queue push slow (400 times) - preprocessors may be bottleneck
[2025-11-30 03:59:30.603] [WARN ] [Reader] Reader 0 queue push slow (400 times) - preprocessors may be bottleneck
[2025-11-30 03:59:33.046] [WARN ] [Preprocessor] Dispatcher 3 queue push slow for group 1 (1200 times)
[2025-11-30 03:59:33.105] [WARN ] [Preprocessor] Dispatcher 2 queue push slow for group 1 (1200 times)
[2025-11-30 03:59:33.783] [INFO ] [RedisOutput] Appended output message to /workspace/khangtd6/longchau_vaccine/action_c/outputs/bins/redis_messages/17-11-25.jsonl
[2025-11-30 03:59:33.783] [INFO ] [RedisOutput] Ready to push message for key 'c03o24120003294_1d39837e-9de5-49cd-8588-c4f7d3a224c4': {"alarm": {"serial": "c03o24120003294", "record_url": "http://pb-01-hni.fcam.vn/iwanttoplay/9dd373af15433a8df12a60634e31533e9f3e520ddaadd2d836fa7c9823209b26f9921c2391d38613fcc414bec26a7e09531b2b29e03dbee87f7beaab30dbedf79d20f7d06388c2922bf41f5ad15f7f75d8897eda99baece577718f73732432da1a3df1863817ba9d3f7941677f328a39.mp4", "record_list": [{"file": "http://pb-01-hni.fcam.vn/iwanttoplay/9dd373af15433a8df12a60634e31533e9f3e520ddaadd2d836fa7c9823209b26f9921c2391d38613fcc414bec26a7e09531b2b29e03dbee87f7beaab30dbedf79d20f7d06388c2922bf41f5ad15f7f75d8897eda99baece577718f73732432da1a3df1863817ba9d3f7941677f328a39.mp4", "record_start_time": "2025-11-17T09:00:39"}], "record_start_time": "2025-11-17T09:00:39", "alarm_time": "2025-11-17T10:31:43", "receive_time": "2025-11-18T22:47:01.400514", "record_id": "1d39837e-9de5-49cd-8588-c4f7d3a224c4", "raw_alarm": {"alarm": "trigger_alarm", "serial": "c03o24120003294", "record_id": "1d39837e-9de5-49cd-8588-c4f7d3a224c4", "home_id": "c76d7d9b-c8c9-4c8c-9ac0-0466d62aef44", "send_at": "20251117103143", "video_start_time": "2025-11-17T09:05:07.9711755+07:00", "video_end_time": "2025-11-17T09:08:10.5682857+07:00", "record_list": [{"duration": "900.179", "file": "http://pb-01-hni.fcam.vn/iwanttoplay/9dd373af15433a8df12a60634e31533e9f3e520ddaadd2d836fa7c9823209b26f9921c2391d38613fcc414bec26a7e09531b2b29e03dbee87f7beaab30dbedf79d20f7d06388c2922bf41f5ad15f7f75d8897eda99baece577718f73732432da1a3df1863817ba9d3f7941677f328a39.mp4", "image": "https://livestream-03-hni.fcam.vn/thumbnails/c03o24120003294/1763344839992.jpg", "recordtimestamp": "2025-11-17T09:00:39+07:00", "moment_time": 1763344839}], "vaccine_info": {"Lcvid": "LP801371762590403105", "CameraId": "2220-I03S-R18-C03O24120003294", "ShopCode": "58098", "ShopName": "VX TNH 148 Qu\u1ed1c L\u1ed9 N2, X. H\u1eadu Ngh\u0129a", "Indication": [{"Sku": "00038255", "Odac": "7qBlVcwokplt2YSA", "Taxonomies": "C\u00daM", "VaccineName": "VAXIGRIP TETRA"}], "PersonName": "Tr\u1ea7n \u0110\u1ee9c L\u01b0\u01a1ng", "TicketCode": "TK58098557411763344859396", "TrackingTime": "2025-11-17T09:08:10.5682857+07:00", "InjectingTime": "2025-11-17T09:05:07.9711755+07:00", "InjectingNursingCode": "53129", "InjectingNursingName": "B\u00f9i M\u1ef9 Thu\u1eadn"}, "target_action": [{"action_id": "1", "action_name": "S\u00e1t khu\u1ea9n tay", "type": "time", "value": [15]}, {"action_id": "2", "action_name": "L\u1eafc vaccin", "type": "count", "value": 3}]}, "tracking_key": "c03o24120003294#20251117090039#1d39837e-9de5-49cd-8588-c4f7d3a224c4"}, "download_info": [{"local_filepath": "/shared_storage/action_videos/c03o24120003294/20251117090039_1d39837e-9de5-49cd-8588-c4f7d3a224c4.mp4", "minio_object_name": "videos/c03o24120003294/20251117090039_1d39837e-9de5-49cd-8588-c4f7d3a224c4.mp4", "record_url": "http://pb-01-hni.fcam.vn/iwanttoplay/9dd373af15433a8df12a60634e31533e9f3e520ddaadd2d836fa7c9823209b26f9921c2391d38613fcc414bec26a7e09531b2b29e03dbee87f7beaab30dbedf79d20f7d06388c2922bf41f5ad15f7f75d8897eda99baece577718f73732432da1a3df1863817ba9d3f7941677f328a39.mp4"}], "playback_location": ["/shared_storage/action_videos/c03o24120003294/20251117090039_1d39837e-9de5-49cd-8588-c4f7d3a224c4.mp4"], "config": {"service_id": "eb305b04-a231-4ac2-a925-6cea95b27d9a", "service_name": "Action Recognition", "camera_id": "8f93e5be-9f2f-4192-9ffc-59752840a7f3", "serial": "c03o24120003294", "camera_name": "c03o24120003294", "location_id": "c76d7d9b-c8c9-4c8c-9ac0-0466d62aef44", "notify_result": true, "box": [[0.33704453441295545, 0.3669064748201439], [0.6558704453441295, 0.3669064748201439], [0.6558704453441295, 0.8057553956834532], [0.33704453441295545, 0.8057553956834532]], "zone": 1, "lines": [], "polygons": [], "external_data": {"actions": [{"id": "1", "name": "S\u00e1t khu\u1ea9n tay", "config": {"time": 5}}, {"id": "2", "name": "L\u1eafc vaccine", "config": {"time": 30}}]}}, "prioritize": false, "task_type": "2perday", "result_queue": "aicam#979219ff-b1d8-40ee-bfdc-c05f968b8972#results#h7UU0Trq85", "video_resolution": {"width": 1920, "height": 1080}, "run_only_office_hours": false, "pose": ["/workspace/khangtd6/longchau_vaccine/action_c/outputs/bins//pose/17-11-25/c03o24120003294_1d39837e-9de5-49cd-8588-c4f7d3a224c4.bin"], "hand": ["/workspace/khangtd6/longchau_vaccine/action_c/outputs/bins//hand/17-11-25/c03o24120003294_1d39837e-9de5-49cd-8588-c4f7d3a224c4.bin"], "alcohol": ["/workspace/khangtd6/longchau_vaccine/action_c/outputs/bins//alcohol/17-11-25/c03o24120003294_1d39837e-9de5-49cd-8588-c4f7d3a224c4.bin"]}
[2025-11-30 03:59:33.786] [INFO ] [RedisOutput] Pushed processed message to output queue: ml#vaccine_detection_test (push_time=1ms, message_key='c03o24120003294_1d39837e-9de5-49cd-8588-c4f7d3a224c4')
[2025-11-30 03:59:33.832] [INFO ] [VideoReader] Reached end of time window: frames_read=2614, expected~3918, diff=1304 (33%), actual_fps=8.670058, reported_fps=12.996679
[2025-11-30 03:59:33.832] [INFO ] [Reader] *** readFrame() returned false for video_key='c03o24120004518_674e2c32-b74e-450e-94eb-153d28c5ac93_v0' *** frame_count=2614, actual_frame_position=2614, consecutive_failures=1
[2025-11-30 03:59:33.852] [INFO ] [VideoReader] Reached end of time window: frames_read=2614, expected~3918, diff=1304 (33%), actual_fps=8.670058, reported_fps=12.996679
[2025-11-30 03:59:33.878] [INFO ] [VideoReader] Reached end of time window: frames_read=2614, expected~3918, diff=1304 (33%), actual_fps=8.670058, reported_fps=12.996679
[2025-11-30 03:59:33.879] [INFO ] [Reader] *** Stopping video reading after 3 consecutive readFrame() failures *** video_key='c03o24120004518_674e2c32-b74e-450e-94eb-153d28c5ac93_v0', frames_read=2614, actual_frame_position=2614
[2025-11-30 03:59:33.879] [INFO ] [Reader] *** Reader 1 finished video c03o24120004518_674e2c32-b74e-450e-94eb-153d28c5ac93_v0 *** status=normal_early (reached end_ts but 33% fewer frames than expected, likely lower actual FPS), frames_read=2614, actual_frame_position=2614, total_frames_decoded=6142 (filtered=3528 frames), path=/shared_storage/action_videos/c03o24120004518/20251117090029_674e2c32-b74e-450e-94eb-153d28c5ac93.mp4
[2025-11-30 03:59:33.958] [WARN ] [Preprocessor] Dispatcher 0 queue push slow for group 1 (1200 times)
[2025-11-30 03:59:34.028] [WARN ] [Preprocessor] Dispatcher 1 queue push slow for group 1 (1200 times)
[2025-11-30 03:59:34.292] [STATS] [Monitor] === Statistics (Runtime: 131s) ===
Frames Read: 12054 | Preprocessed: 29650 | Read FPS: 91 | Preprocess FPS: 286
RawQueue: 1986/2000
PreQ 640x640 [ROI] engines=1 queue=0/500
PreQ 864x864 [FULL] engines=1 queue=500/500
PreQ 640x640 [FULL] engines=1 queue=1/500
PostQ: 1 tasks pending
Engine alcohol: Detected=10032 | Failed=0 | FPS=92 | AvgTime=10.84ms/frame | TotalTime=108.71s
Engine hand: Detected=9008 | Failed=0 | FPS=95 | AvgTime=13.00ms/frame | TotalTime=117.07s
Engine pose: Detected=10016 | Failed=0 | FPS=99 | AvgTime=20.98ms/frame | TotalTime=210.49s
Reader: Frames=12058 | FPS=91 | AvgTime=0.00ms/frame | TotalTime=0.00s
Preprocessor: Frames=29653 | FPS=286 | AvgTime=56.22ms/frame | TotalTime=1667.22s
Postprocessor: Frames=29056 | FPS=287 | AvgTime=2.44ms/frame | TotalTime=70.89s

unix_timestamp 1763345338.019164 ---->2025-11-17T09:08:58.0191637+07:00
unix_timestamp 1763345605.149879 ---->2025-11-17T09:13:25.1498795+07:00
[2025-11-30 03:59:34.583] [INFO ] [VideoReader] Found h264_cuvid hardware decoder
[2025-11-30 03:59:34.583] [INFO ] [VideoReader] Using CUVID decoder: h264_cuvid (NVDEC hardware-accelerated)
[2025-11-30 03:59:34.583] [INFO ] [VideoReader] Setting CUVID decoder with 32 surfaces for async decode
[2025-11-30 03:59:34.583] [INFO ] [VideoReader] getHWFormat called, available formats: 119 23 , looking for: 119
[2025-11-30 03:59:34.583] [INFO ] [VideoReader] getHWFormat returning hardware format: 119
[2025-11-30 03:59:35.256] [WARN ] [Reader] Reader 2 queue push slow (400 times) - preprocessors may be bottleneck
[2025-11-30 03:59:36.011] [WARN ] [VideoReader] Unused decoder option: output=cuda
[2025-11-30 03:59:36.011] [INFO ] [VideoReader] Codec opened with hardware decoder, decoder: h264_cuvid, hw_pix_fmt: 119, codec_id: 27
[2025-11-30 03:59:36.026] [INFO ] [VideoReader] Initialized reader for /shared_storage/action_videos/c03o25010002656/20251117090733_74fdc1cc-2613-4e77-90b1-7d7a4c48c4df.mp4 [NVDEC]
[2025-11-30 03:59:36.027] [INFO ] [VideoReader] Time window: start_ts=1763345308.019164, end_ts=1763345610.149879, expected_frames~3926
[2025-11-30 03:59:36.096] [INFO ] [VideoReader] getHWFormat called, available formats: 119 23 , looking for: 119
[2025-11-30 03:59:36.096] [INFO ] [VideoReader] getHWFormat returning hardware format: 119
[2025-11-30 03:59:36.878] [WARN ] [Reader] Reader 3 queue push slow (400 times) - preprocessors may be bottleneck
[2025-11-30 03:59:39.293] [STATS] [Monitor] === Statistics (Runtime: 136s) ===
Frames Read: 12496 | Preprocessed: 30944 | Read FPS: 88 | Preprocess FPS: 258
RawQueue: 1997/2000
PreQ 640x640 [ROI] engines=1 queue=0/500
PreQ 864x864 [FULL] engines=1 queue=500/500
PreQ 640x640 [FULL] engines=1 queue=0/500
PostQ: 0 tasks pending
Engine alcohol: Detected=10464 | Failed=0 | FPS=86 | AvgTime=10.74ms/frame | TotalTime=112.40s
Engine hand: Detected=9440 | Failed=0 | FPS=86 | AvgTime=12.88ms/frame | TotalTime=121.62s
Engine pose: Detected=10448 | Failed=0 | FPS=86 | AvgTime=20.86ms/frame | TotalTime=217.95s
Reader: Frames=12496 | FPS=88 | AvgTime=0.00ms/frame | TotalTime=0.00s
Preprocessor: Frames=30944 | FPS=258 | AvgTime=55.70ms/frame | TotalTime=1723.51s
Postprocessor: Frames=30352 | FPS=258 | AvgTime=2.44ms/frame | TotalTime=74.11s

[2025-11-30 03:59:39.446] [INFO ] [RedisOutput] Appended output message to /workspace/khangtd6/longchau_vaccine/action_c/outputs/bins/redis_messages/17-11-25.jsonl
[2025-11-30 03:59:39.446] [INFO ] [RedisOutput] Ready to push message for key 'c03o25010001968_e05ebdd4-1107-4056-aa32-8102f3096d7b': {"alarm": {"serial": "c03o25010001968", "record_url": "http://pb-01-hni.fcam.vn/iwanttoplay/9dd373af15433a8df12a60634e31533e0b69135397709338d40f773da08a9f23d21bb43e1f838631db09f8e7ca588cd004ea06a1267227f4422d3e1f5aefc37e36c5fefe2d80d0344d5afbad9bc2758a9462e7e72e3c4fe0405e77a114a10954855f063aade5c2c50efda5f4b9b311ab.mp4", "record_list": [{"file": "http://pb-01-hni.fcam.vn/iwanttoplay/9dd373af15433a8df12a60634e31533e0b69135397709338d40f773da08a9f23d21bb43e1f838631db09f8e7ca588cd004ea06a1267227f4422d3e1f5aefc37e36c5fefe2d80d0344d5afbad9bc2758a9462e7e72e3c4fe0405e77a114a10954855f063aade5c2c50efda5f4b9b311ab.mp4", "record_start_time": "2025-11-17T09:00:30"}], "record_start_time": "2025-11-17T09:00:30", "alarm_time": "2025-11-17T10:32:32", "receive_time": "2025-11-18T22:47:01.390236", "record_id": "e05ebdd4-1107-4056-aa32-8102f3096d7b", "raw_alarm": {"alarm": "trigger_alarm", "serial": "c03o25010001968", "record_id": "e05ebdd4-1107-4056-aa32-8102f3096d7b", "home_id": "f4035ad9-95b2-481d-b5b5-94fb449cadb3", "send_at": "20251117103232", "video_start_time": "2025-11-17T09:04:22.8171426+07:00", "video_end_time": "2025-11-17T09:07:26.7539752+07:00", "record_list": [{"duration": "900.17", "file": "http://pb-01-hni.fcam.vn/iwanttoplay/9dd373af15433a8df12a60634e31533e0b69135397709338d40f773da08a9f23d21bb43e1f838631db09f8e7ca588cd004ea06a1267227f4422d3e1f5aefc37e36c5fefe2d80d0344d5afbad9bc2758a9462e7e72e3c4fe0405e77a114a10954855f063aade5c2c50efda5f4b9b311ab.mp4", "image": "https://livestream-04-hni.fcam.vn/thumbnails/c03o25010001968/1763344831544.jpg", "recordtimestamp": "2025-11-17T09:00:30+07:00", "moment_time": 1763344830}], "vaccine_info": {"Lcvid": "LP800291732333295085", "CameraId": "2220-I03S-R18-C03O25010001968", "ShopCode": "58029", "ShopName": "VX HCM 6/60 Tr\u01b0ng N\u1eef V\u01b0\u01a1ng, X. H\u00f3c M\u00f4n", "Indication": [{"Sku": "00038236", "Odac": "7hMyFwoWtYICbcSA", "Taxonomies": "UNG TH\u01af DO HPV 9 CH\u1ee6NG", "VaccineName": "GARDASIL 9 0.5ML"}], "PersonName": "Nguy\u1ec5n Th\u1ecb B\u00e9 Nh\u00e2n", "TicketCode": "TK58029609471763344502312", "TrackingTime": "2025-11-17T09:07:26.7539752+07:00", "InjectingTime": "2025-11-17T09:04:22.8171426+07:00", "InjectingNursingCode": "62067", "InjectingNursingName": "L\u00ea Ho\u00e0ng Mai Anh"}, "target_action": [{"action_id": "1", "action_name": "S\u00e1t khu\u1ea9n tay", "type": "time", "value": [15]}, {"action_id": "2", "action_name": "L\u1eafc vaccin", "type": "count", "value": 3}]}, "tracking_key": "c03o25010001968#20251117090030#e05ebdd4-1107-4056-aa32-8102f3096d7b"}, "download_info": [{"local_filepath": "/shared_storage/action_videos/c03o25010001968/20251117090030_e05ebdd4-1107-4056-aa32-8102f3096d7b.mp4", "minio_object_name": "videos/c03o25010001968/20251117090030_e05ebdd4-1107-4056-aa32-8102f3096d7b.mp4", "record_url": "http://pb-01-hni.fcam.vn/iwanttoplay/9dd373af15433a8df12a60634e31533e0b69135397709338d40f773da08a9f23d21bb43e1f838631db09f8e7ca588cd004ea06a1267227f4422d3e1f5aefc37e36c5fefe2d80d0344d5afbad9bc2758a9462e7e72e3c4fe0405e77a114a10954855f063aade5c2c50efda5f4b9b311ab.mp4"}], "playback_location": ["/shared_storage/action_videos/c03o25010001968/20251117090030_e05ebdd4-1107-4056-aa32-8102f3096d7b.mp4"], "config": {"service_id": "eb305b04-a231-4ac2-a925-6cea95b27d9a", "service_name": "Action Recognition", "camera_id": "2f2d79c1-9d7f-4118-adaf-b6ad95ed917c", "serial": "c03o25010001968", "camera_name": "c03o25010001968", "location_id": "f4035ad9-95b2-481d-b5b5-94fb449cadb3", "notify_result": true, "box": [[0.315625, 0.458333], [0.690625, 0.458333], [0.690625, 0.929167], [0.315625, 0.929167]], "zone": 1, "lines": [], "polygons": [], "external_data": {"actions": [{"id": "1", "name": "S\u00e1t khu\u1ea9n tay", "config": {"time": 5}}, {"id": "2", "name": "L\u1eafc vaccine", "config": {"time": 30}}]}}, "prioritize": false, "task_type": "2perday", "result_queue": "aicam#979219ff-b1d8-40ee-bfdc-c05f968b8972#results#h7UU0Trq85", "video_resolution": {"width": 1920, "height": 1080}, "run_only_office_hours": false, "hand": ["/workspace/khangtd6/longchau_vaccine/action_c/outputs/bins//hand/17-11-25/c03o25010001968_e05ebdd4-1107-4056-aa32-8102f3096d7b.bin"], "pose": ["/workspace/khangtd6/longchau_vaccine/action_c/outputs/bins//pose/17-11-25/c03o25010001968_e05ebdd4-1107-4056-aa32-8102f3096d7b.bin"], "alcohol": ["/workspace/khangtd6/longchau_vaccine/action_c/outputs/bins//alcohol/17-11-25/c03o25010001968_e05ebdd4-1107-4056-aa32-8102f3096d7b.bin"]}
[2025-11-30 03:59:39.451] [INFO ] [RedisOutput] Pushed processed message to output queue: ml#vaccine_detection_test (push_time=4ms, message_key='c03o25010001968_e05ebdd4-1107-4056-aa32-8102f3096d7b')
[2025-11-30 03:59:40.002] [WARN ] [Reader] Reader 4 queue push slow (400 times) - preprocessors may be bottleneck
[2025-11-30 03:59:40.181] [WARN ] [Preprocessor] Dispatcher 3 queue push slow for group 1 (1300 times)
[2025-11-30 03:59:40.476] [WARN ] [Preprocessor] Dispatcher 2 queue push slow for group 1 (1300 times)
[2025-11-30 03:59:40.817] [WARN ] [Preprocessor] Dispatcher 0 queue push slow for group 1 (1300 times)
[2025-11-30 03:59:41.057] [WARN ] [Preprocessor] Dispatcher 1 queue push slow for group 1 (1300 times)
[2025-11-30 03:59:44.294] [STATS] [Monitor] === Statistics (Runtime: 141s) ===
Frames Read: 12963 | Preprocessed: 32331 | Read FPS: 93 | Preprocess FPS: 277
RawQueue: 2000/2000
PreQ 640x640 [ROI] engines=1 queue=0/500
PreQ 864x864 [FULL] engines=1 queue=500/500
PreQ 640x640 [FULL] engines=1 queue=0/500
PostQ: 0 tasks pending
Engine alcohol: Detected=10928 | Failed=0 | FPS=92 | AvgTime=10.63ms/frame | TotalTime=116.12s
Engine hand: Detected=9904 | Failed=0 | FPS=92 | AvgTime=12.74ms/frame | TotalTime=126.16s
Engine pose: Detected=10912 | Failed=0 | FPS=92 | AvgTime=20.64ms/frame | TotalTime=225.60s
Reader: Frames=12963 | FPS=93 | AvgTime=0.00ms/frame | TotalTime=0.00s
Preprocessor: Frames=32331 | FPS=277 | AvgTime=55.32ms/frame | TotalTime=1788.48s
Postprocessor: Frames=31744 | FPS=278 | AvgTime=2.43ms/frame | TotalTime=77.02s

[2025-11-30 03:59:47.288] [WARN ] [Preprocessor] Dispatcher 3 queue push slow for group 1 (1400 times)
[2025-11-30 03:59:47.439] [WARN ] [Preprocessor] Dispatcher 2 queue push slow for group 1 (1400 times)
